0 info it worked if it ends with ok
1 verbose cli [ 'node',
1 verbose cli   '/home/daemos/.linuxbrew/bin/npm',
1 verbose cli   'install',
1 verbose cli   'angular-cookies@X.Y.Z' ]
2 info using npm@2.11.2
3 info using node@v0.12.5
4 verbose node symlink /home/daemos/.linuxbrew/bin/node
5 verbose install initial load of /home/daemos/projects/WeTube/package.json
6 verbose installManyTop reading scoped package data from /home/daemos/projects/WeTube/node_modules/bcrypt/package.json
7 verbose installManyTop reading scoped package data from /home/daemos/projects/WeTube/node_modules/bluebird/package.json
8 verbose installManyTop reading scoped package data from /home/daemos/projects/WeTube/node_modules/body-parser/package.json
9 verbose installManyTop reading scoped package data from /home/daemos/projects/WeTube/node_modules/browser-sync/package.json
10 verbose installManyTop reading scoped package data from /home/daemos/projects/WeTube/node_modules/chai/package.json
11 verbose installManyTop reading scoped package data from /home/daemos/projects/WeTube/node_modules/clone-stats/package.json
12 verbose installManyTop reading scoped package data from /home/daemos/projects/WeTube/node_modules/cors/package.json
13 verbose installManyTop reading scoped package data from /home/daemos/projects/WeTube/node_modules/express/package.json
14 verbose installManyTop reading scoped package data from /home/daemos/projects/WeTube/node_modules/express-session/package.json
15 verbose installManyTop reading scoped package data from /home/daemos/projects/WeTube/node_modules/gulp/package.json
16 verbose installManyTop reading scoped package data from /home/daemos/projects/WeTube/node_modules/gulp-nodemon/package.json
17 verbose installManyTop reading scoped package data from /home/daemos/projects/WeTube/node_modules/gulp-shell/package.json
18 verbose installManyTop reading scoped package data from /home/daemos/projects/WeTube/node_modules/jsonwebtoken/package.json
19 verbose installManyTop reading scoped package data from /home/daemos/projects/WeTube/node_modules/karma/package.json
20 verbose installManyTop reading scoped package data from /home/daemos/projects/WeTube/node_modules/karma-chai/package.json
21 verbose installManyTop reading scoped package data from /home/daemos/projects/WeTube/node_modules/karma-mocha/package.json
22 verbose installManyTop reading scoped package data from /home/daemos/projects/WeTube/node_modules/karma-nyan-reporter/package.json
23 verbose installManyTop reading scoped package data from /home/daemos/projects/WeTube/node_modules/karma-phantomjs-launcher/package.json
24 verbose installManyTop reading scoped package data from /home/daemos/projects/WeTube/node_modules/karma-sinon/package.json
25 verbose installManyTop reading scoped package data from /home/daemos/projects/WeTube/node_modules/karma-unicorn-reporter/package.json
26 verbose installManyTop reading scoped package data from /home/daemos/projects/WeTube/node_modules/mocha/package.json
27 verbose installManyTop reading scoped package data from /home/daemos/projects/WeTube/node_modules/mongoose/package.json
28 verbose installManyTop reading scoped package data from /home/daemos/projects/WeTube/node_modules/mysql/package.json
29 verbose installManyTop reading scoped package data from /home/daemos/projects/WeTube/node_modules/node/package.json
30 verbose installManyTop reading scoped package data from /home/daemos/projects/WeTube/node_modules/nodemon/package.json
31 verbose installManyTop reading scoped package data from /home/daemos/projects/WeTube/node_modules/passport/package.json
32 verbose installManyTop reading scoped package data from /home/daemos/projects/WeTube/node_modules/passport-google-oauth2/package.json
33 verbose installManyTop reading scoped package data from /home/daemos/projects/WeTube/node_modules/pre-commit/package.json
34 verbose installManyTop reading scoped package data from /home/daemos/projects/WeTube/node_modules/sinon/package.json
35 verbose installManyTop reading scoped package data from /home/daemos/projects/WeTube/node_modules/socket.io/package.json
36 verbose installManyTop reading scoped package data from /home/daemos/projects/WeTube/node_modules/underscore/package.json
37 verbose installManyTop reading scoped package data from /home/daemos/projects/WeTube/node_modules/youtube-node/package.json
38 info package.json browser-sync@1.9.2 No license field.
39 info package.json karma-nyan-reporter@0.0.43 license should be a valid SPDX license expression
40 info package.json karma-sinon@1.0.4 No license field.
41 info package.json node@0.0.0 No description
42 info package.json node@0.0.0 No repository field.
43 info package.json node@0.0.0 No license field.
44 info package.json youtube-node@1.3.0 No license field.
45 verbose readDependencies loading dependencies from /home/daemos/projects/WeTube/package.json
46 silly cache add args [ 'angular-cookies@X.Y.Z', null ]
47 verbose cache add spec angular-cookies@X.Y.Z
48 silly cache add parsed spec { raw: 'angular-cookies@X.Y.Z',
48 silly cache add   scope: null,
48 silly cache add   name: 'angular-cookies',
48 silly cache add   rawSpec: 'X.Y.Z',
48 silly cache add   spec: 'X.Y.Z',
48 silly cache add   type: 'tag' }
49 silly addNamed angular-cookies@X.Y.Z
50 verbose addNamed "X.Y.Z" is being treated as a dist-tag for angular-cookies
51 info addNameTag [ 'angular-cookies', 'X.Y.Z' ]
52 silly mapToRegistry name angular-cookies
53 silly mapToRegistry using default registry
54 silly mapToRegistry registry https://registry.npmjs.org/
55 silly mapToRegistry uri https://registry.npmjs.org/angular-cookies
56 verbose addNameTag registry:https://registry.npmjs.org/angular-cookies not in flight; fetching
57 verbose request uri https://registry.npmjs.org/angular-cookies
58 verbose request no auth needed
59 info attempt registry request try #1 at 14:13:57
60 verbose request id 80dd3d9b470c2726
61 verbose etag "8AAJBVTBJL5ZN36338TSC5LD7"
62 http request GET https://registry.npmjs.org/angular-cookies
63 http 304 https://registry.npmjs.org/angular-cookies
64 silly get cb [ 304,
64 silly get   { date: 'Tue, 31 May 2016 21:13:57 GMT',
64 silly get     via: '1.1 varnish',
64 silly get     'cache-control': 'max-age=300',
64 silly get     etag: '"8AAJBVTBJL5ZN36338TSC5LD7"',
64 silly get     age: '64',
64 silly get     connection: 'keep-alive',
64 silly get     'x-served-by': 'cache-ord1736-ORD',
64 silly get     'x-cache': 'HIT',
64 silly get     'x-cache-hits': '1',
64 silly get     'x-timer': 'S1464729237.956169,VS0,VE0',
64 silly get     vary: 'Accept-Encoding' } ]
65 verbose etag https://registry.npmjs.org/angular-cookies from cache
66 verbose get saving angular-cookies to /home/daemos/.npm/registry.npmjs.org/angular-cookies/.cache.json
67 silly addNameTag next cb for angular-cookies with tag X.Y.Z
68 verbose stack Error: No compatible version found: angular-cookies@'X.Y.Z'
68 verbose stack Valid install targets:
68 verbose stack ["1.2.20","1.2.0","1.2.1","1.2.2","1.2.3","1.2.4","1.2.5","1.2.6","1.2.7","1.2.8","1.2.9","1.2.10","1.2.11","1.2.12","1.2.13","1.2.14","1.2.15","1.2.16","1.2.17","1.2.18","1.2.19","1.3.0-rc.5","1.3.0","1.3.1","1.3.2","1.3.3","1.3.4-build.3588","1.2.27","1.3.4","1.3.5","1.3.6","1.3.7","1.2.28","1.3.8","1.4.0-beta.0","1.3.9","1.3.10","1.4.0-beta.1","1.4.0-beta.2","1.3.11","1.4.0-beta.3","1.3.12","1.3.13","1.4.0-beta.4","1.3.14","1.4.0-beta.5","1.4.0-beta.6","1.3.15","1.4.0-rc.0","1.4.0-rc.1","1.4.0-rc.2","1.4.0","1.3.16","1.4.1","1.4.2","1.3.17","1.4.3","1.4.4","1.3.18","1.4.5","1.3.19","1.4.6","1.5.0-beta.0","1.2.29","1.3.20","1.4.7","1.5.0-beta.2","1.4.8","1.5.0-rc.0","1.5.0-rc.1","1.4.9","1.5.0-rc.2","1.5.0","1.5.1","1.4.10","1.5.2","1.5.3","1.5.5","1.4.11","1.5.6"]
68 verbose stack
68 verbose stack     at installTargetsError (/home/daemos/.linuxbrew/lib/node_modules/npm/lib/cache/add-named.js:274:12)
68 verbose stack     at next (/home/daemos/.linuxbrew/lib/node_modules/npm/lib/cache/add-named.js:94:10)
68 verbose stack     at RES (/home/daemos/.linuxbrew/lib/node_modules/npm/node_modules/inflight/inflight.js:23:14)
68 verbose stack     at f (/home/daemos/.linuxbrew/lib/node_modules/npm/node_modules/once/once.js:17:25)
68 verbose stack     at fixName (/home/daemos/.linuxbrew/lib/node_modules/npm/lib/cache/add-named.js:29:5)
68 verbose stack     at saved (/home/daemos/.linuxbrew/lib/node_modules/npm/lib/cache/caching-client.js:173:7)
68 verbose stack     at FSReqWrap.oncomplete (fs.js:95:15)
69 verbose cwd /home/daemos/projects/WeTube
70 error Linux 3.16.0-70-generic
71 error argv "node" "/home/daemos/.linuxbrew/bin/npm" "install" "angular-cookies@X.Y.Z"
72 error node v0.12.5
73 error npm  v2.11.2
74 error code ETARGET
75 error notarget No compatible version found: angular-cookies@'X.Y.Z'
75 error notarget Valid install targets:
75 error notarget ["1.2.20","1.2.0","1.2.1","1.2.2","1.2.3","1.2.4","1.2.5","1.2.6","1.2.7","1.2.8","1.2.9","1.2.10","1.2.11","1.2.12","1.2.13","1.2.14","1.2.15","1.2.16","1.2.17","1.2.18","1.2.19","1.3.0-rc.5","1.3.0","1.3.1","1.3.2","1.3.3","1.3.4-build.3588","1.2.27","1.3.4","1.3.5","1.3.6","1.3.7","1.2.28","1.3.8","1.4.0-beta.0","1.3.9","1.3.10","1.4.0-beta.1","1.4.0-beta.2","1.3.11","1.4.0-beta.3","1.3.12","1.3.13","1.4.0-beta.4","1.3.14","1.4.0-beta.5","1.4.0-beta.6","1.3.15","1.4.0-rc.0","1.4.0-rc.1","1.4.0-rc.2","1.4.0","1.3.16","1.4.1","1.4.2","1.3.17","1.4.3","1.4.4","1.3.18","1.4.5","1.3.19","1.4.6","1.5.0-beta.0","1.2.29","1.3.20","1.4.7","1.5.0-beta.2","1.4.8","1.5.0-rc.0","1.5.0-rc.1","1.4.9","1.5.0-rc.2","1.5.0","1.5.1","1.4.10","1.5.2","1.5.3","1.5.5","1.4.11","1.5.6"]
75 error notarget
75 error notarget This is most likely not a problem with npm itself.
75 error notarget In most cases you or one of your dependencies are requesting
75 error notarget a package version that doesn't exist.
75 error notarget
75 error notarget It was specified as a dependency of 'abstracted-chalupas'
76 verbose exit [ 1, true ]
